<?xml version="1.0" encoding="UTF-8"?>
<!-- Generated by org.testng.reporters.JUnitReportReporter -->
<testsuite hostname="AZVDCNKCR0269-0" failures="0" tests="3" name="com.spree.test.EditAddressTest" time="12.507" errors="0" timestamp="2023-08-29T02:22:15 UTC" skipped="0">
  <testcase classname="com.spree.test.EditAddressTest" name="validateEditAddressURL" time="5.309"/>
  <testcase classname="com.spree.test.EditAddressTest" name="validateEditAddressText" time="2.040"/>
  <testcase classname="com.spree.test.EditAddressTest" name="editAddress" time="5.158"/>
</testsuite> <!-- com.spree.test.EditAddressTest -->
