<?xml version="1.0" encoding="UTF-8"?>
<!-- Generated by org.testng.reporters.JUnitReportReporter -->
<testsuite hostname="AZVDCNKCR0269-0" failures="0" tests="2" name="com.spree.test.Spreecom_MyAccount_Test" time="8.072" errors="0" timestamp="2023-08-29T02:22:15 UTC" skipped="0">
  <testcase classname="com.spree.test.Spreecom_MyAccount_Test" name="verifyMyAccountText" time="4.058"/>
  <testcase classname="com.spree.test.Spreecom_MyAccount_Test" name="verifyMyAccountUrl" time="4.014"/>
</testsuite> <!-- com.spree.test.Spreecom_MyAccount_Test -->
