<?xml version="1.0" encoding="UTF-8"?>
<!-- Generated by org.testng.reporters.JUnitReportReporter -->
<testsuite hostname="AZVDCNKCR0269-0" failures="0" tests="3" name="com.orangeHRM.test.OrangeHRM_Login" time="32.354" errors="0" timestamp="2023-08-25T17:18:16 UTC" skipped="0">
  <testcase classname="com.orangeHRM.test.OrangeHRM_Login" name="urlTest" time="14.140"/>
  <testcase classname="com.orangeHRM.test.OrangeHRM_Login" name="logoTest" time="4.168"/>
  <testcase classname="com.orangeHRM.test.OrangeHRM_Login" name="textTest" time="14.046"/>
</testsuite> <!-- com.orangeHRM.test.OrangeHRM_Login -->
