<?xml version="1.0" encoding="UTF-8"?>
<!-- Generated by org.testng.reporters.JUnitReportReporter -->
<testsuite hostname="AZVDCNKCR0269-0" failures="0" tests="1" name="com.spree.test.LoginTest" time="9.742" errors="0" timestamp="2023-08-29T02:22:15 UTC" skipped="0">
  <testcase classname="com.spree.test.LoginTest" name="loginFullTest" time="9.742"/>
</testsuite> <!-- com.spree.test.LoginTest -->
