<?xml version="1.0" encoding="UTF-8"?>
<!-- Generated by org.testng.reporters.JUnitReportReporter -->
<testsuite hostname="AZVDCNKCR0269-0" failures="0" tests="1" name="com.spree.test.CheckOutTest" time="20.029" errors="0" timestamp="2023-08-29T02:22:15 UTC" skipped="0">
  <testcase classname="com.spree.test.CheckOutTest" name="checkOutFullTest" time="20.029"/>
</testsuite> <!-- com.spree.test.CheckOutTest -->
