<?xml version="1.0" encoding="UTF-8"?>
<!-- Generated by org.testng.reporters.JUnitReportReporter -->
<testsuite hostname="AZVDCNKCR0269-0" failures="0" tests="3" name="com.spree.test.AddAddressTest" time="9.621" errors="0" timestamp="2023-08-29T02:22:15 UTC" skipped="0">
  <testcase classname="com.spree.test.AddAddressTest" name="validateMyAccountURL" time="2.022"/>
  <testcase classname="com.spree.test.AddAddressTest" name="validateMyAccountText" time="2.032"/>
  <testcase classname="com.spree.test.AddAddressTest" name="addAddress" time="5.567"/>
</testsuite> <!-- com.spree.test.AddAddressTest -->
