<?xml version="1.0" encoding="UTF-8"?>
<!-- Generated by org.testng.reporters.JUnitReportReporter -->
<testsuite hostname="AZVDCNKCR0269-0" failures="0" tests="3" name="com.spree.test.Spreecom_MenPage_Test" time="2.185" errors="0" timestamp="2023-08-29T02:22:15 UTC" skipped="0">
  <testcase classname="com.spree.test.Spreecom_MenPage_Test" name="validateWomenPage" time="2.082"/>
  <testcase classname="com.spree.test.Spreecom_MenPage_Test" name="validateTitle" time="0.005"/>
  <testcase classname="com.spree.test.Spreecom_MenPage_Test" name="validateText" time="0.098"/>
</testsuite> <!-- com.spree.test.Spreecom_MenPage_Test -->
